2013-11-12 11:18:20 am
ALTER TABLE fac_CDUTemplate ADD COLUMN ATS INT(1) NOT NULL AFTER Managed<br>
Duplicate column name 'ATS'<br>
ALTER TABLE fac_CDUTemplate ADD COLUMN ATSStatusOID varchar(80) NOT NULL AFTER OID3<br>
Duplicate column name 'ATSStatusOID'<br>
ALTER TABLE fac_CDUTemplate ADD COLUMN ATSDesiredResult varchar(80) NOT NULL AFTER ATSStatusOID<br>
Duplicate column name 'ATSDesiredResult'<br>
ALTER TABLE fac_Zone ADD COLUMN MapX1 int(11) NOT NULL AFTER Description<br>
Duplicate column name 'MapX1'<br>
ALTER TABLE fac_Zone ADD COLUMN MapY1 int(11) NOT NULL AFTER MapX1<br>
Duplicate column name 'MapY1'<br>
ALTER TABLE fac_Zone ADD COLUMN MapX2 int(11) NOT NULL AFTER MapY1<br>
Duplicate column name 'MapX2'<br>
ALTER TABLE fac_Zone ADD COLUMN MapY2 int(11) NOT NULL AFTER MapX2<br>
Duplicate column name 'MapY2'<br>
ALTER TABLE fac_Zone ADD COLUMN MapZoom int(11) DEFAULT '100' NOT NULL AFTER MapY2<br>
Duplicate column name 'MapZoom'<br>
ALTER TABLE fac_PDUStats ADD COLUMN LastRead datetime DEFAULT NULL AFTER Wattage<br>
Duplicate column name 'LastRead'<br>
ALTER TABLE fac_DeviceTemplate ADD COLUMN Notes text NOT NULL AFTER NumPorts<br>
Duplicate column name 'Notes'<br>
ALTER TABLE fac_Cabinet DROP COLUMN TempSensorOID<br>
Can't DROP 'TempSensorOID'; check that column/key exists<br>
ALTER TABLE fac_Cabinet DROP COLUMN HumiditySensorOID<br>
Can't DROP 'HumiditySensorOID'; check that column/key exists<br>
ALTER TABLE fac_Cabinet ADD COLUMN SensorTemplateID INT(11) NOT NULL AFTER SensorCommunity<br>
Duplicate column name 'SensorTemplateID'<br>
2013-11-12 11:21:48 am
ALTER TABLE fac_CDUTemplate ADD COLUMN ATS INT(1) NOT NULL AFTER Managed<br>
Duplicate column name 'ATS'<br>
ALTER TABLE fac_CDUTemplate ADD COLUMN ATSStatusOID varchar(80) NOT NULL AFTER OID3<br>
Duplicate column name 'ATSStatusOID'<br>
ALTER TABLE fac_CDUTemplate ADD COLUMN ATSDesiredResult varchar(80) NOT NULL AFTER ATSStatusOID<br>
Duplicate column name 'ATSDesiredResult'<br>
ALTER TABLE fac_Zone ADD COLUMN MapX1 int(11) NOT NULL AFTER Description<br>
Duplicate column name 'MapX1'<br>
ALTER TABLE fac_Zone ADD COLUMN MapY1 int(11) NOT NULL AFTER MapX1<br>
Duplicate column name 'MapY1'<br>
ALTER TABLE fac_Zone ADD COLUMN MapX2 int(11) NOT NULL AFTER MapY1<br>
Duplicate column name 'MapX2'<br>
ALTER TABLE fac_Zone ADD COLUMN MapY2 int(11) NOT NULL AFTER MapX2<br>
Duplicate column name 'MapY2'<br>
ALTER TABLE fac_Zone ADD COLUMN MapZoom int(11) DEFAULT '100' NOT NULL AFTER MapY2<br>
Duplicate column name 'MapZoom'<br>
ALTER TABLE fac_PDUStats ADD COLUMN LastRead datetime DEFAULT NULL AFTER Wattage<br>
Duplicate column name 'LastRead'<br>
ALTER TABLE fac_DeviceTemplate ADD COLUMN Notes text NOT NULL AFTER NumPorts<br>
Duplicate column name 'Notes'<br>
ALTER TABLE fac_Cabinet DROP COLUMN TempSensorOID<br>
Can't DROP 'TempSensorOID'; check that column/key exists<br>
ALTER TABLE fac_Cabinet DROP COLUMN HumiditySensorOID<br>
Can't DROP 'HumiditySensorOID'; check that column/key exists<br>
ALTER TABLE fac_Cabinet ADD COLUMN SensorTemplateID INT(11) NOT NULL AFTER SensorCommunity<br>
Duplicate column name 'SensorTemplateID'<br>
